c:\users\alecp\source\repos\bank-application-aood\bank application aood\x64\debug\vc143.pdb
c:\users\alecp\source\repos\bank-application-aood\bank application aood\x64\debug\vc143.idb
c:\users\alecp\source\repos\bank-application-aood\bank application aood\x64\debug\useraccount.obj
c:\users\alecp\source\repos\bank-application-aood\bank application aood\x64\debug\manageraccount.obj
c:\users\alecp\source\repos\bank-application-aood\bank application aood\x64\debug\mainclass.obj
c:\users\alecp\source\repos\bank-application-aood\bank application aood\x64\debug\helpermethods.obj
c:\users\alecp\source\repos\bank-application-aood\bank application aood\x64\debug\runfromhere.obj
c:\users\alecp\source\repos\bank-application-aood\bank application aood\x64\debug\account.obj
c:\users\alecp\source\repos\bank-application-aood\bank application aood\x64\debug\bank application aood.ilk
c:\users\alecp\source\repos\bank-application-aood\bank application aood\x64\debug\bank application aood.obj
c:\users\alecp\source\repos\bank-application-aood\bank application aood\x64\debug\helpermethods.obj.enc
c:\users\alecp\source\repos\bank-application-aood\x64\debug\bank application aood.pdb
c:\users\alecp\source\repos\bank-application-aood\x64\debug\bank application aood.exe
c:\users\alecp\source\repos\bank-application-aood\bank application aood\x64\debug\bank app.a3be6c39.tlog\cl.command.1.tlog
c:\users\alecp\source\repos\bank-application-aood\bank application aood\x64\debug\bank app.a3be6c39.tlog\cl.items.tlog
c:\users\alecp\source\repos\bank-application-aood\bank application aood\x64\debug\bank app.a3be6c39.tlog\cl.read.1.tlog
c:\users\alecp\source\repos\bank-application-aood\bank application aood\x64\debug\bank app.a3be6c39.tlog\cl.write.1.tlog
c:\users\alecp\source\repos\bank-application-aood\bank application aood\x64\debug\bank app.a3be6c39.tlog\link.command.1.tlog
c:\users\alecp\source\repos\bank-application-aood\bank application aood\x64\debug\bank app.a3be6c39.tlog\link.read.1.tlog
c:\users\alecp\source\repos\bank-application-aood\bank application aood\x64\debug\bank app.a3be6c39.tlog\link.secondary.1.tlog
c:\users\alecp\source\repos\bank-application-aood\bank application aood\x64\debug\bank app.a3be6c39.tlog\link.write.1.tlog
